{
  "stats": {
    "suites": 1,
    "tests": 1,
    "passes": 1,
    "pending": 0,
    "failures": 0,
    "start": "2024-05-31T15:59:53.034Z",
    "end": "2024-05-31T15:59:53.453Z",
    "duration": 419,
    "testsRegistered": 1,
    "passPercent": 100,
    "pendingPercent": 0,
    "other": 0,
    "hasOther": false,
    "skipped": 0,
    "hasSkipped": false
  },
  "results": [
    {
      "uuid": "73861b14-828e-42e2-8d6d-2a80aa93866b",
      "title": "",
      "fullFile": "cypress/e2e/demoAPiTesting_PATCH.cy.js",
      "file": "cypress/e2e/demoAPiTesting_PATCH.cy.js",
      "beforeHooks": [],
      "afterHooks": [],
      "tests": [],
      "suites": [
        {
          "uuid": "e63c9f84-b558-473b-993c-454d581e216d",
          "title": "template spec",
          "fullFile": "",
          "file": "",
          "beforeHooks": [],
          "afterHooks": [],
          "tests": [
            {
              "title": "PATCH request",
              "fullTitle": "template spec PATCH request",
              "timedOut": null,
              "duration": 414,
              "state": "passed",
              "speed": "fast",
              "pass": true,
              "fail": false,
              "pending": false,
              "context": null,
              "code": "cy.request({\n  method: 'PATCH',\n  url: 'https://reqres.in/api/users/2',\n  body: {\n    \"name\": \"Angel\",\n    \"job\": \"zion resident\"\n  }\n}).then(response => {\n  //Asserting the status code to be 200 for successful execution\n  expect(response.status).to.eq(200);\n  //Asserting the name which we have inserted into\n  expect(response.body.name).to.eq(\"Angel\");\n});",
              "err": {},
              "uuid": "3a5234d2-60bc-40f5-aab1-b926c3e4f73b",
              "parentUUID": "e63c9f84-b558-473b-993c-454d581e216d",
              "isHook": false,
              "skipped": false
            }
          ],
          "suites": [],
          "passes": [
            "3a5234d2-60bc-40f5-aab1-b926c3e4f73b"
          ],
          "failures": [],
          "pending": [],
          "skipped": [],
          "duration": 414,
          "root": false,
          "rootEmpty": false,
          "_timeout": 2000
        }
      ],
      "passes": [],
      "failures": [],
      "pending": [],
      "skipped": [],
      "duration": 0,
      "root": true,
      "rootEmpty": true,
      "_timeout": 2000
    }
  ],
  "meta": {
    "mocha": {
      "version": "7.0.1"
    },
    "mochawesome": {
      "options": {
        "quiet": false,
        "reportFilename": "mochawesome",
        "saveHtml": false,
        "saveJson": true,
        "consoleReporter": "spec",
        "useInlineDiffs": false,
        "code": true
      },
      "version": "7.1.3"
    },
    "marge": {
      "options": {
        "charts": true,
        "reportPageTitle": "Sample run",
        "embeddedScreenshots": false,
        "video": true,
        "inlineAssets": true,
        "saveAllAttempts": false,
        "overwrite": false,
        "html": false,
        "json": true,
        "reportDir": "cypress/reports/html/.jsons"
      },
      "version": "6.2.0"
    }
  }
}