{
  "stats": {
    "suites": 1,
    "tests": 1,
    "passes": 1,
    "pending": 0,
    "failures": 0,
    "start": "2024-05-31T15:59:50.557Z",
    "end": "2024-05-31T15:59:50.816Z",
    "duration": 259,
    "testsRegistered": 1,
    "passPercent": 100,
    "pendingPercent": 0,
    "other": 0,
    "hasOther": false,
    "skipped": 0,
    "hasSkipped": false
  },
  "results": [
    {
      "uuid": "fc137ac4-50b5-4bb5-b3c2-afe08be4ff1b",
      "title": "",
      "fullFile": "cypress/e2e/demoAPiTesting_GET_Body.cy.js",
      "file": "cypress/e2e/demoAPiTesting_GET_Body.cy.js",
      "beforeHooks": [],
      "afterHooks": [],
      "tests": [],
      "suites": [
        {
          "uuid": "76956e95-6423-47c3-81d2-08589d6cee48",
          "title": "template spec",
          "fullFile": "",
          "file": "",
          "beforeHooks": [],
          "afterHooks": [],
          "tests": [
            {
              "title": "GET request",
              "fullTitle": "template spec GET request",
              "timedOut": null,
              "duration": 241,
              "state": "passed",
              "speed": "fast",
              "pass": true,
              "fail": false,
              "pending": false,
              "context": null,
              "code": "// const validdata_email ='janet.weaver@reqres.in'\n// const validdata_page = 6\ncy.request({\n  method: 'GET',\n  url: 'https://reqres.in/api/users',\n  headers: {\n    'Content-Type': 'application/json',\n    // sometimes our development team might provide some custom exception to validate \n    'Custom-Header': 'Custom-Value'\n  }\n}).its('body').then(response => {\n  //Asserting the status code to be 200 for successful execution\n  // expect(response.status).to.eq(200)\n  cy.fixture('apiexpecetvalue').then(function (testdata) {\n    expect(response.per_page).to.eq(testdata.expected_page);\n    expect(response.data[1].email).to.eq(testdata.expeceted_email);\n  });\n  datafromresponse = response.data[1].email;\n  cy.log('response body : ' + datafromresponse);\n  cy.log('response body : ' + JSON.stringify(response));\n});",
              "err": {},
              "uuid": "eb0760ce-2523-4d14-a46f-357b13981cb1",
              "parentUUID": "76956e95-6423-47c3-81d2-08589d6cee48",
              "isHook": false,
              "skipped": false
            }
          ],
          "suites": [],
          "passes": [
            "eb0760ce-2523-4d14-a46f-357b13981cb1"
          ],
          "failures": [],
          "pending": [],
          "skipped": [],
          "duration": 241,
          "root": false,
          "rootEmpty": false,
          "_timeout": 2000
        }
      ],
      "passes": [],
      "failures": [],
      "pending": [],
      "skipped": [],
      "duration": 0,
      "root": true,
      "rootEmpty": true,
      "_timeout": 2000
    }
  ],
  "meta": {
    "mocha": {
      "version": "7.0.1"
    },
    "mochawesome": {
      "options": {
        "quiet": false,
        "reportFilename": "mochawesome",
        "saveHtml": false,
        "saveJson": true,
        "consoleReporter": "spec",
        "useInlineDiffs": false,
        "code": true
      },
      "version": "7.1.3"
    },
    "marge": {
      "options": {
        "charts": true,
        "reportPageTitle": "Sample run",
        "embeddedScreenshots": false,
        "video": true,
        "inlineAssets": true,
        "saveAllAttempts": false,
        "overwrite": false,
        "html": false,
        "json": true,
        "reportDir": "cypress/reports/html/.jsons"
      },
      "version": "6.2.0"
    }
  }
}