{
  "stats": {
    "suites": 1,
    "tests": 1,
    "passes": 1,
    "pending": 0,
    "failures": 0,
    "start": "2024-05-31T15:59:42.486Z",
    "end": "2024-05-31T15:59:43.061Z",
    "duration": 575,
    "testsRegistered": 1,
    "passPercent": 100,
    "pendingPercent": 0,
    "other": 0,
    "hasOther": false,
    "skipped": 0,
    "hasSkipped": false
  },
  "results": [
    {
      "uuid": "63d52e24-22d7-44ca-8f75-46b75fb53727",
      "title": "",
      "fullFile": "cypress/e2e/demoAPiTesting_DELETE.cy.js",
      "file": "cypress/e2e/demoAPiTesting_DELETE.cy.js",
      "beforeHooks": [],
      "afterHooks": [],
      "tests": [],
      "suites": [
        {
          "uuid": "e68960fb-cb21-4218-9321-265288e67af9",
          "title": "Delete api request",
          "fullFile": "",
          "file": "",
          "beforeHooks": [],
          "afterHooks": [],
          "tests": [
            {
              "title": "DELETE request",
              "fullTitle": "Delete api request DELETE request",
              "timedOut": null,
              "duration": 558,
              "state": "passed",
              "speed": "fast",
              "pass": true,
              "fail": false,
              "pending": false,
              "context": null,
              "code": "cy.request({\n  method: 'DELETE',\n  url: 'https://reqres.in/api/users/2',\n  headers: {\n    'Content-Type': 'application/json',\n    // sometimes our development team might provide some custom exception to validate \n    'Custom-Header': 'Custom-Value'\n  }\n}).then(response => {\n  //Asserting the status code to be 204 for successful execution\n  expect(response.status).to.eq(204);\n});",
              "err": {},
              "uuid": "31c5f51f-996d-463d-9e88-050d53376d05",
              "parentUUID": "e68960fb-cb21-4218-9321-265288e67af9",
              "isHook": false,
              "skipped": false
            }
          ],
          "suites": [],
          "passes": [
            "31c5f51f-996d-463d-9e88-050d53376d05"
          ],
          "failures": [],
          "pending": [],
          "skipped": [],
          "duration": 558,
          "root": false,
          "rootEmpty": false,
          "_timeout": 2000
        }
      ],
      "passes": [],
      "failures": [],
      "pending": [],
      "skipped": [],
      "duration": 0,
      "root": true,
      "rootEmpty": true,
      "_timeout": 2000
    }
  ],
  "meta": {
    "mocha": {
      "version": "7.0.1"
    },
    "mochawesome": {
      "options": {
        "quiet": false,
        "reportFilename": "mochawesome",
        "saveHtml": false,
        "saveJson": true,
        "consoleReporter": "spec",
        "useInlineDiffs": false,
        "code": true
      },
      "version": "7.1.3"
    },
    "marge": {
      "options": {
        "charts": true,
        "reportPageTitle": "Sample run",
        "embeddedScreenshots": false,
        "video": true,
        "inlineAssets": true,
        "saveAllAttempts": false,
        "overwrite": false,
        "html": false,
        "json": true,
        "reportDir": "cypress/reports/html/.jsons"
      },
      "version": "6.2.0"
    }
  }
}