{
  "stats": {
    "suites": 1,
    "tests": 1,
    "passes": 1,
    "pending": 0,
    "failures": 0,
    "start": "2024-05-31T15:59:48.230Z",
    "end": "2024-05-31T15:59:48.318Z",
    "duration": 88,
    "testsRegistered": 1,
    "passPercent": 100,
    "pendingPercent": 0,
    "other": 0,
    "hasOther": false,
    "skipped": 0,
    "hasSkipped": false
  },
  "results": [
    {
      "uuid": "60c0c8c5-25e8-4840-9c36-31dbfcfe5a42",
      "title": "",
      "fullFile": "cypress/e2e/demoAPiTesting_GET.cy.js",
      "file": "cypress/e2e/demoAPiTesting_GET.cy.js",
      "beforeHooks": [],
      "afterHooks": [],
      "tests": [],
      "suites": [
        {
          "uuid": "53c315ed-14d6-490f-a6e8-f5ac4e0c5356",
          "title": "template spec",
          "fullFile": "",
          "file": "",
          "beforeHooks": [],
          "afterHooks": [],
          "tests": [
            {
              "title": "GET request",
              "fullTitle": "template spec GET request",
              "timedOut": null,
              "duration": 76,
              "state": "passed",
              "speed": "fast",
              "pass": true,
              "fail": false,
              "pending": false,
              "context": null,
              "code": "//cy.request - keyword in cypress which can handle anything in the api methods\ncy.request({\n  method: 'GET',\n  url: 'https://reqres.in/api/users'\n}).then(response => {\n  //Asserting the status code to be 200 for successful execution\n  expect(response.status).to.eq(200);\n  cy.log('response body : ', JSON.stringify(response.body));\n  expect(response.body.total).to.eq(12);\n  expect(response.body.data[0].email).to.eq('george.bluth@reqres.in');\n  cy.log('response body : ', response.status);\n  // to retrievt he second value in the api from data\n  var datafromresponse = response.body.data[1].email;\n  cy.log('response body 2 : ' + datafromresponse);\n  // cy.log('response body 2: '+ JSON.stringify(response))\n});",
              "err": {},
              "uuid": "fcd780fa-2ce9-4581-b9d9-6418412d0ba8",
              "parentUUID": "53c315ed-14d6-490f-a6e8-f5ac4e0c5356",
              "isHook": false,
              "skipped": false
            }
          ],
          "suites": [],
          "passes": [
            "fcd780fa-2ce9-4581-b9d9-6418412d0ba8"
          ],
          "failures": [],
          "pending": [],
          "skipped": [],
          "duration": 76,
          "root": false,
          "rootEmpty": false,
          "_timeout": 2000
        }
      ],
      "passes": [],
      "failures": [],
      "pending": [],
      "skipped": [],
      "duration": 0,
      "root": true,
      "rootEmpty": true,
      "_timeout": 2000
    }
  ],
  "meta": {
    "mocha": {
      "version": "7.0.1"
    },
    "mochawesome": {
      "options": {
        "quiet": false,
        "reportFilename": "mochawesome",
        "saveHtml": false,
        "saveJson": true,
        "consoleReporter": "spec",
        "useInlineDiffs": false,
        "code": true
      },
      "version": "7.1.3"
    },
    "marge": {
      "options": {
        "charts": true,
        "reportPageTitle": "Sample run",
        "embeddedScreenshots": false,
        "video": true,
        "inlineAssets": true,
        "saveAllAttempts": false,
        "overwrite": false,
        "html": false,
        "json": true,
        "reportDir": "cypress/reports/html/.jsons"
      },
      "version": "6.2.0"
    }
  }
}