{
  "stats": {
    "suites": 1,
    "tests": 1,
    "passes": 1,
    "pending": 0,
    "failures": 0,
    "start": "2024-05-31T16:00:00.786Z",
    "end": "2024-05-31T16:00:14.757Z",
    "duration": 13971,
    "testsRegistered": 1,
    "passPercent": 100,
    "pendingPercent": 0,
    "other": 0,
    "hasOther": false,
    "skipped": 0,
    "hasSkipped": false
  },
  "results": [
    {
      "uuid": "83a53109-9cf7-44d3-aaac-ef2e588381c2",
      "title": "",
      "fullFile": "cypress/e2e/demoAlert.cy.js",
      "file": "cypress/e2e/demoAlert.cy.js",
      "beforeHooks": [],
      "afterHooks": [],
      "tests": [],
      "suites": [
        {
          "uuid": "1de492f5-d726-4bc3-a1c8-999f3f946c9d",
          "title": "Javascript message box handling",
          "fullFile": "",
          "file": "",
          "beforeHooks": [],
          "afterHooks": [],
          "tests": [
            {
              "title": "Javascript box handling",
              "fullTitle": "Javascript message box handling Javascript box handling",
              "timedOut": null,
              "duration": 12743,
              "state": "passed",
              "speed": "slow",
              "pass": true,
              "fail": false,
              "pending": false,
              "context": null,
              "code": "cy.visit(\"https://rahulshettyacademy.com/AutomationPractice/\");\ncy.get('#alertbtn').click();\ncy.wait(5000); // static wait - just blindly waitf or the specific time period wothout doing anything\n// javascript based alert \n//window:alert\ncy.on('window:alert', str => {\n  //Mocha expression\n  expect(str).to.equal('Hello , share this practice page and share your knowledge');\n});\n//below item is deperecated \n// cy.onAlert('OK', ()=>{\n//   expect(str).to.equal('Hello , share this practice page and share your knowledge')\n// })\ncy.wait(5000);\ncy.get('[value=\"Confirm\"]').click();\ncy.on('window:confirm', str => {\n  //Mocha\n  expect(str).to.equal('Hello , Are you sure you want to confirm?');\n});",
              "err": {},
              "uuid": "8893607d-deb8-414e-a5ab-70ac15b56787",
              "parentUUID": "1de492f5-d726-4bc3-a1c8-999f3f946c9d",
              "isHook": false,
              "skipped": false
            }
          ],
          "suites": [],
          "passes": [
            "8893607d-deb8-414e-a5ab-70ac15b56787"
          ],
          "failures": [],
          "pending": [],
          "skipped": [],
          "duration": 12743,
          "root": false,
          "rootEmpty": false,
          "_timeout": 2000
        }
      ],
      "passes": [],
      "failures": [],
      "pending": [],
      "skipped": [],
      "duration": 0,
      "root": true,
      "rootEmpty": true,
      "_timeout": 2000
    }
  ],
  "meta": {
    "mocha": {
      "version": "7.0.1"
    },
    "mochawesome": {
      "options": {
        "quiet": false,
        "reportFilename": "mochawesome",
        "saveHtml": false,
        "saveJson": true,
        "consoleReporter": "spec",
        "useInlineDiffs": false,
        "code": true
      },
      "version": "7.1.3"
    },
    "marge": {
      "options": {
        "charts": true,
        "reportPageTitle": "Sample run",
        "embeddedScreenshots": false,
        "video": true,
        "inlineAssets": true,
        "saveAllAttempts": false,
        "overwrite": false,
        "html": false,
        "json": true,
        "reportDir": "cypress/reports/html/.jsons"
      },
      "version": "6.2.0"
    }
  }
}