{
  "stats": {
    "suites": 1,
    "tests": 1,
    "passes": 0,
    "pending": 0,
    "failures": 1,
    "start": "2024-05-31T15:59:58.036Z",
    "end": "2024-05-31T15:59:58.647Z",
    "duration": 611,
    "testsRegistered": 1,
    "passPercent": 0,
    "pendingPercent": 0,
    "other": 0,
    "hasOther": false,
    "skipped": 0,
    "hasSkipped": false
  },
  "results": [
    {
      "uuid": "668ebcb8-765e-4332-8ed9-e19fc252918e",
      "title": "",
      "fullFile": "cypress/e2e/demoAPiTesting_PUT.cy.js",
      "file": "cypress/e2e/demoAPiTesting_PUT.cy.js",
      "beforeHooks": [],
      "afterHooks": [],
      "tests": [],
      "suites": [
        {
          "uuid": "323e09a5-a601-4ac3-9efd-05403c7eb95b",
          "title": "template spec",
          "fullFile": "",
          "file": "",
          "beforeHooks": [],
          "afterHooks": [],
          "tests": [
            {
              "title": "PUT request",
              "fullTitle": "template spec PUT request",
              "timedOut": null,
              "duration": 581,
              "state": "failed",
              "speed": null,
              "pass": false,
              "fail": true,
              "pending": false,
              "context": null,
              "code": "cy.request({\n  method: 'PUT',\n  url: 'https://reqres.in/api/users/2',\n  body: {\n    \"name\": \"Angel\",\n    \"job\": \"zion resident\"\n  }\n}).then(response => {\n  //Asserting the status code to be 200 for successful execution\n  expect(response.status).to.eq(200);\n  //Asserting the name which we have inserted into\n  expect(response.body.name).to.eq(\"Angel\");\n  expect(response.body.updatedAt).to.includes(\"2024-04-25\");\n  expect(response.body.updatedAt).to.contains(\"2024-04-25\");\n});",
              "err": {
                "message": "AssertionError: expected '2024-05-31T15:59:58.453Z' to include '2024-04-25'",
                "estack": "AssertionError: expected '2024-05-31T15:59:58.453Z' to include '2024-04-25'\n    at Context.eval (webpack://handlingelement/./cypress/e2e/demoAPiTesting_PUT.cy.js:15:39)",
                "diff": null
              },
              "uuid": "bc00b1fa-228e-4607-abeb-37ede12a966e",
              "parentUUID": "323e09a5-a601-4ac3-9efd-05403c7eb95b",
              "isHook": false,
              "skipped": false
            }
          ],
          "suites": [],
          "passes": [],
          "failures": [
            "bc00b1fa-228e-4607-abeb-37ede12a966e"
          ],
          "pending": [],
          "skipped": [],
          "duration": 581,
          "root": false,
          "rootEmpty": false,
          "_timeout": 2000
        }
      ],
      "passes": [],
      "failures": [],
      "pending": [],
      "skipped": [],
      "duration": 0,
      "root": true,
      "rootEmpty": true,
      "_timeout": 2000
    }
  ],
  "meta": {
    "mocha": {
      "version": "7.0.1"
    },
    "mochawesome": {
      "options": {
        "quiet": false,
        "reportFilename": "mochawesome",
        "saveHtml": false,
        "saveJson": true,
        "consoleReporter": "spec",
        "useInlineDiffs": false,
        "code": true
      },
      "version": "7.1.3"
    },
    "marge": {
      "options": {
        "charts": true,
        "reportPageTitle": "Sample run",
        "embeddedScreenshots": false,
        "video": true,
        "inlineAssets": true,
        "saveAllAttempts": false,
        "overwrite": false,
        "html": false,
        "json": true,
        "reportDir": "cypress/reports/html/.jsons"
      },
      "version": "6.2.0"
    }
  }
}